{
  "/Users/joshuapierce/mod4/projects/bookworm-fe/src/Components/Navbar/Navbar.tsx": {
    "path": "/Users/joshuapierce/mod4/projects/bookworm-fe/src/Components/Navbar/Navbar.tsx",
    "statementMap": {
      "0": {
        "start": {
          "line": 7,
          "column": 15
        },
        "end": {
          "line": 47,
          "column": 1
        }
      },
      "1": {
        "start": {
          "line": 8,
          "column": 38
        },
        "end": {
          "line": 8,
          "column": 62
        }
      },
      "2": {
        "start": {
          "line": 9,
          "column": 16
        },
        "end": {
          "line": 9,
          "column": 54
        }
      },
      "3": {
        "start": {
          "line": 10,
          "column": 19
        },
        "end": {
          "line": 10,
          "column": 32
        }
      },
      "4": {
        "start": {
          "line": 11,
          "column": 30
        },
        "end": {
          "line": 11,
          "column": 73
        }
      },
      "5": {
        "start": {
          "line": 12,
          "column": 28
        },
        "end": {
          "line": 12,
          "column": 67
        }
      },
      "6": {
        "start": {
          "line": 14,
          "column": 22
        },
        "end": {
          "line": 16,
          "column": 3
        }
      },
      "7": {
        "start": {
          "line": 15,
          "column": 4
        },
        "end": {
          "line": 15,
          "column": 30
        }
      },
      "8": {
        "start": {
          "line": 18,
          "column": 20
        },
        "end": {
          "line": 20,
          "column": 3
        }
      },
      "9": {
        "start": {
          "line": 19,
          "column": 6
        },
        "end": {
          "line": 19,
          "column": 26
        }
      },
      "10": {
        "start": {
          "line": 22,
          "column": 17
        },
        "end": {
          "line": 25,
          "column": 3
        }
      },
      "11": {
        "start": {
          "line": 23,
          "column": 4
        },
        "end": {
          "line": 23,
          "column": 24
        }
      },
      "12": {
        "start": {
          "line": 24,
          "column": 4
        },
        "end": {
          "line": 24,
          "column": 24
        }
      },
      "13": {
        "start": {
          "line": 27,
          "column": 2
        },
        "end": {
          "line": 46,
          "column": 3
        }
      },
      "14": {
        "start": {
          "line": 40,
          "column": 88
        },
        "end": {
          "line": 40,
          "column": 99
        }
      },
      "15": {
        "start": {
          "line": 41,
          "column": 83
        },
        "end": {
          "line": 41,
          "column": 94
        }
      },
      "16": {
        "start": {
          "line": 42,
          "column": 45
        },
        "end": {
          "line": 42,
          "column": 53
        }
      }
    },
    "fnMap": {
      "0": {
        "name": "(anonymous_0)",
        "decl": {
          "start": {
            "line": 7,
            "column": 15
          },
          "end": {
            "line": 7,
            "column": 16
          }
        },
        "loc": {
          "start": {
            "line": 7,
            "column": 21
          },
          "end": {
            "line": 47,
            "column": 1
          }
        },
        "line": 7
      },
      "1": {
        "name": "(anonymous_1)",
        "decl": {
          "start": {
            "line": 14,
            "column": 22
          },
          "end": {
            "line": 14,
            "column": 23
          }
        },
        "loc": {
          "start": {
            "line": 14,
            "column": 28
          },
          "end": {
            "line": 16,
            "column": 3
          }
        },
        "line": 14
      },
      "2": {
        "name": "(anonymous_2)",
        "decl": {
          "start": {
            "line": 18,
            "column": 20
          },
          "end": {
            "line": 18,
            "column": 21
          }
        },
        "loc": {
          "start": {
            "line": 18,
            "column": 26
          },
          "end": {
            "line": 20,
            "column": 3
          }
        },
        "line": 18
      },
      "3": {
        "name": "(anonymous_3)",
        "decl": {
          "start": {
            "line": 22,
            "column": 17
          },
          "end": {
            "line": 22,
            "column": 18
          }
        },
        "loc": {
          "start": {
            "line": 22,
            "column": 23
          },
          "end": {
            "line": 25,
            "column": 3
          }
        },
        "line": 22
      },
      "4": {
        "name": "(anonymous_4)",
        "decl": {
          "start": {
            "line": 40,
            "column": 82
          },
          "end": {
            "line": 40,
            "column": 83
          }
        },
        "loc": {
          "start": {
            "line": 40,
            "column": 88
          },
          "end": {
            "line": 40,
            "column": 99
          }
        },
        "line": 40
      },
      "5": {
        "name": "(anonymous_5)",
        "decl": {
          "start": {
            "line": 41,
            "column": 77
          },
          "end": {
            "line": 41,
            "column": 78
          }
        },
        "loc": {
          "start": {
            "line": 41,
            "column": 83
          },
          "end": {
            "line": 41,
            "column": 94
          }
        },
        "line": 41
      },
      "6": {
        "name": "(anonymous_6)",
        "decl": {
          "start": {
            "line": 42,
            "column": 39
          },
          "end": {
            "line": 42,
            "column": 40
          }
        },
        "loc": {
          "start": {
            "line": 42,
            "column": 45
          },
          "end": {
            "line": 42,
            "column": 53
          }
        },
        "line": 42
      }
    },
    "branchMap": {
      "0": {
        "loc": {
          "start": {
            "line": 38,
            "column": 39
          },
          "end": {
            "line": 38,
            "column": 112
          }
        },
        "type": "cond-expr",
        "locations": [
          {
            "start": {
              "line": 38,
              "column": 52
            },
            "end": {
              "line": 38,
              "column": 77
            }
          },
          {
            "start": {
              "line": 38,
              "column": 80
            },
            "end": {
              "line": 38,
              "column": 112
            }
          }
        ],
        "line": 38
      },
      "1": {
        "loc": {
          "start": {
            "line": 39,
            "column": 23
          },
          "end": {
            "line": 39,
            "column": 66
          }
        },
        "type": "cond-expr",
        "locations": [
          {
            "start": {
              "line": 39,
              "column": 36
            },
            "end": {
              "line": 39,
              "column": 54
            }
          },
          {
            "start": {
              "line": 39,
              "column": 57
            },
            "end": {
              "line": 39,
              "column": 66
            }
          }
        ],
        "line": 39
      },
      "2": {
        "loc": {
          "start": {
            "line": 40,
            "column": 11
          },
          "end": {
            "line": 40,
            "column": 128
          }
        },
        "type": "binary-expr",
        "locations": [
          {
            "start": {
              "line": 40,
              "column": 11
            },
            "end": {
              "line": 40,
              "column": 40
            }
          },
          {
            "start": {
              "line": 40,
              "column": 44
            },
            "end": {
              "line": 40,
              "column": 128
            }
          }
        ],
        "line": 40
      },
      "3": {
        "loc": {
          "start": {
            "line": 41,
            "column": 11
          },
          "end": {
            "line": 41,
            "column": 115
          }
        },
        "type": "binary-expr",
        "locations": [
          {
            "start": {
              "line": 41,
              "column": 11
            },
            "end": {
              "line": 41,
              "column": 40
            }
          },
          {
            "start": {
              "line": 41,
              "column": 44
            },
            "end": {
              "line": 41,
              "column": 115
            }
          }
        ],
        "line": 41
      }
    },
    "s": {
      "0": 28,
      "1": 168,
      "2": 168,
      "3": 168,
      "4": 168,
      "5": 168,
      "6": 168,
      "7": 21,
      "8": 168,
      "9": 18,
      "10": 168,
      "11": 1,
      "12": 1,
      "13": 168,
      "14": 18,
      "15": 0,
      "16": 1
    },
    "f": {
      "0": 168,
      "1": 21,
      "2": 18,
      "3": 1,
      "4": 18,
      "5": 0,
      "6": 1
    },
    "b": {
      "0": [
        40,
        128
      ],
      "1": [
        40,
        128
      ],
      "2": [
        168,
        98
      ],
      "3": [
        168,
        70
      ]
    },
    "_coverageSchema": "1a1c01bbd47fc00a2c39e90264f33305004495a9",
    "hash": "fb2c0543da914ce81160dfbc75563d226077859a"
  },
  "/Users/joshuapierce/mod4/projects/bookworm-fe/src/Components/Login/Login.tsx": {
    "path": "/Users/joshuapierce/mod4/projects/bookworm-fe/src/Components/Login/Login.tsx",
    "statementMap": {
      "0": {
        "start": {
          "line": 7,
          "column": 17
        },
        "end": {
          "line": 16,
          "column": 1
        }
      },
      "1": {
        "start": {
          "line": 18,
          "column": 20
        },
        "end": {
          "line": 32,
          "column": 1
        }
      },
      "2": {
        "start": {
          "line": 34,
          "column": 14
        },
        "end": {
          "line": 172,
          "column": 1
        }
      },
      "3": {
        "start": {
          "line": 35,
          "column": 29
        },
        "end": {
          "line": 35,
          "column": 41
        }
      },
      "4": {
        "start": {
          "line": 36,
          "column": 30
        },
        "end": {
          "line": 36,
          "column": 42
        }
      },
      "5": {
        "start": {
          "line": 37,
          "column": 45
        },
        "end": {
          "line": 37,
          "column": 59
        }
      },
      "6": {
        "start": {
          "line": 38,
          "column": 36
        },
        "end": {
          "line": 38,
          "column": 48
        }
      },
      "7": {
        "start": {
          "line": 39,
          "column": 44
        },
        "end": {
          "line": 39,
          "column": 56
        }
      },
      "8": {
        "start": {
          "line": 40,
          "column": 39
        },
        "end": {
          "line": 40,
          "column": 98
        }
      },
      "9": {
        "start": {
          "line": 41,
          "column": 44
        },
        "end": {
          "line": 41,
          "column": 59
        }
      },
      "10": {
        "start": {
          "line": 42,
          "column": 49
        },
        "end": {
          "line": 42,
          "column": 64
        }
      },
      "11": {
        "start": {
          "line": 43,
          "column": 19
        },
        "end": {
          "line": 43,
          "column": 32
        }
      },
      "12": {
        "start": {
          "line": 45,
          "column": 48
        },
        "end": {
          "line": 47,
          "column": 4
        }
      },
      "13": {
        "start": {
          "line": 49,
          "column": 28
        },
        "end": {
          "line": 49,
          "column": 52
        }
      },
      "14": {
        "start": {
          "line": 51,
          "column": 23
        },
        "end": {
          "line": 59,
          "column": 3
        }
      },
      "15": {
        "start": {
          "line": 52,
          "column": 4
        },
        "end": {
          "line": 52,
          "column": 26
        }
      },
      "16": {
        "start": {
          "line": 53,
          "column": 4
        },
        "end": {
          "line": 58,
          "column": 5
        }
      },
      "17": {
        "start": {
          "line": 54,
          "column": 6
        },
        "end": {
          "line": 54,
          "column": 21
        }
      },
      "18": {
        "start": {
          "line": 55,
          "column": 6
        },
        "end": {
          "line": 55,
          "column": 17
        }
      },
      "19": {
        "start": {
          "line": 57,
          "column": 6
        },
        "end": {
          "line": 57,
          "column": 24
        }
      },
      "20": {
        "start": {
          "line": 61,
          "column": 19
        },
        "end": {
          "line": 70,
          "column": 3
        }
      },
      "21": {
        "start": {
          "line": 62,
          "column": 4
        },
        "end": {
          "line": 69,
          "column": 5
        }
      },
      "22": {
        "start": {
          "line": 63,
          "column": 6
        },
        "end": {
          "line": 63,
          "column": 18
        }
      },
      "23": {
        "start": {
          "line": 64,
          "column": 11
        },
        "end": {
          "line": 69,
          "column": 5
        }
      },
      "24": {
        "start": {
          "line": 65,
          "column": 6
        },
        "end": {
          "line": 65,
          "column": 44
        }
      },
      "25": {
        "start": {
          "line": 65,
          "column": 23
        },
        "end": {
          "line": 65,
          "column": 37
        }
      },
      "26": {
        "start": {
          "line": 66,
          "column": 6
        },
        "end": {
          "line": 66,
          "column": 17
        }
      },
      "27": {
        "start": {
          "line": 68,
          "column": 6
        },
        "end": {
          "line": 68,
          "column": 18
        }
      },
      "28": {
        "start": {
          "line": 72,
          "column": 2
        },
        "end": {
          "line": 79,
          "column": 12
        }
      },
      "29": {
        "start": {
          "line": 73,
          "column": 4
        },
        "end": {
          "line": 75,
          "column": 5
        }
      },
      "30": {
        "start": {
          "line": 74,
          "column": 6
        },
        "end": {
          "line": 74,
          "column": 25
        }
      },
      "31": {
        "start": {
          "line": 76,
          "column": 4
        },
        "end": {
          "line": 78,
          "column": 5
        }
      },
      "32": {
        "start": {
          "line": 77,
          "column": 6
        },
        "end": {
          "line": 77,
          "column": 23
        }
      },
      "33": {
        "start": {
          "line": 82,
          "column": 27
        },
        "end": {
          "line": 105,
          "column": 3
        }
      },
      "34": {
        "start": {
          "line": 83,
          "column": 4
        },
        "end": {
          "line": 104,
          "column": 3
        }
      },
      "35": {
        "start": {
          "line": 84,
          "column": 6
        },
        "end": {
          "line": 103,
          "column": 5
        }
      },
      "36": {
        "start": {
          "line": 85,
          "column": 23
        },
        "end": {
          "line": 91,
          "column": 8
        }
      },
      "37": {
        "start": {
          "line": 92,
          "column": 6
        },
        "end": {
          "line": 96,
          "column": 7
        }
      },
      "38": {
        "start": {
          "line": 93,
          "column": 8
        },
        "end": {
          "line": 93,
          "column": 30
        }
      },
      "39": {
        "start": {
          "line": 94,
          "column": 8
        },
        "end": {
          "line": 94,
          "column": 30
        }
      },
      "40": {
        "start": {
          "line": 95,
          "column": 8
        },
        "end": {
          "line": 95,
          "column": 32
        }
      },
      "41": {
        "start": {
          "line": 99,
          "column": 6
        },
        "end": {
          "line": 99,
          "column": 27
        }
      },
      "42": {
        "start": {
          "line": 100,
          "column": 6
        },
        "end": {
          "line": 102,
          "column": 14
        }
      },
      "43": {
        "start": {
          "line": 101,
          "column": 8
        },
        "end": {
          "line": 101,
          "column": 30
        }
      },
      "44": {
        "start": {
          "line": 107,
          "column": 23
        },
        "end": {
          "line": 119,
          "column": 3
        }
      },
      "45": {
        "start": {
          "line": 108,
          "column": 4
        },
        "end": {
          "line": 118,
          "column": 5
        }
      },
      "46": {
        "start": {
          "line": 109,
          "column": 6
        },
        "end": {
          "line": 109,
          "column": 29
        }
      },
      "47": {
        "start": {
          "line": 110,
          "column": 6
        },
        "end": {
          "line": 110,
          "column": 18
        }
      },
      "48": {
        "start": {
          "line": 111,
          "column": 6
        },
        "end": {
          "line": 111,
          "column": 21
        }
      },
      "49": {
        "start": {
          "line": 112,
          "column": 6
        },
        "end": {
          "line": 112,
          "column": 25
        }
      },
      "50": {
        "start": {
          "line": 114,
          "column": 6
        },
        "end": {
          "line": 114,
          "column": 28
        }
      },
      "51": {
        "start": {
          "line": 115,
          "column": 6
        },
        "end": {
          "line": 115,
          "column": 18
        }
      },
      "52": {
        "start": {
          "line": 116,
          "column": 6
        },
        "end": {
          "line": 116,
          "column": 21
        }
      },
      "53": {
        "start": {
          "line": 117,
          "column": 6
        },
        "end": {
          "line": 117,
          "column": 25
        }
      },
      "54": {
        "start": {
          "line": 121,
          "column": 2
        },
        "end": {
          "line": 171,
          "column": 3
        }
      },
      "55": {
        "start": {
          "line": 133,
          "column": 62
        },
        "end": {
          "line": 133,
          "column": 81
        }
      },
      "56": {
        "start": {
          "line": 140,
          "column": 31
        },
        "end": {
          "line": 140,
          "column": 59
        }
      },
      "57": {
        "start": {
          "line": 149,
          "column": 31
        },
        "end": {
          "line": 149,
          "column": 62
        }
      },
      "58": {
        "start": {
          "line": 158,
          "column": 31
        },
        "end": {
          "line": 158,
          "column": 66
        }
      }
    },
    "fnMap": {
      "0": {
        "name": "(anonymous_0)",
        "decl": {
          "start": {
            "line": 34,
            "column": 14
          },
          "end": {
            "line": 34,
            "column": 15
          }
        },
        "loc": {
          "start": {
            "line": 34,
            "column": 85
          },
          "end": {
            "line": 172,
            "column": 1
          }
        },
        "line": 34
      },
      "1": {
        "name": "(anonymous_1)",
        "decl": {
          "start": {
            "line": 51,
            "column": 23
          },
          "end": {
            "line": 51,
            "column": 24
          }
        },
        "loc": {
          "start": {
            "line": 51,
            "column": 68
          },
          "end": {
            "line": 59,
            "column": 3
          }
        },
        "line": 51
      },
      "2": {
        "name": "(anonymous_2)",
        "decl": {
          "start": {
            "line": 61,
            "column": 19
          },
          "end": {
            "line": 61,
            "column": 20
          }
        },
        "loc": {
          "start": {
            "line": 61,
            "column": 25
          },
          "end": {
            "line": 70,
            "column": 3
          }
        },
        "line": 61
      },
      "3": {
        "name": "(anonymous_3)",
        "decl": {
          "start": {
            "line": 65,
            "column": 17
          },
          "end": {
            "line": 65,
            "column": 18
          }
        },
        "loc": {
          "start": {
            "line": 65,
            "column": 23
          },
          "end": {
            "line": 65,
            "column": 37
          }
        },
        "line": 65
      },
      "4": {
        "name": "(anonymous_4)",
        "decl": {
          "start": {
            "line": 72,
            "column": 12
          },
          "end": {
            "line": 72,
            "column": 13
          }
        },
        "loc": {
          "start": {
            "line": 72,
            "column": 18
          },
          "end": {
            "line": 79,
            "column": 3
          }
        },
        "line": 72
      },
      "5": {
        "name": "(anonymous_5)",
        "decl": {
          "start": {
            "line": 82,
            "column": 27
          },
          "end": {
            "line": 82,
            "column": 28
          }
        },
        "loc": {
          "start": {
            "line": 82,
            "column": 39
          },
          "end": {
            "line": 105,
            "column": 3
          }
        },
        "line": 82
      },
      "6": {
        "name": "(anonymous_6)",
        "decl": {
          "start": {
            "line": 100,
            "column": 17
          },
          "end": {
            "line": 100,
            "column": 18
          }
        },
        "loc": {
          "start": {
            "line": 100,
            "column": 23
          },
          "end": {
            "line": 102,
            "column": 7
          }
        },
        "line": 100
      },
      "7": {
        "name": "(anonymous_7)",
        "decl": {
          "start": {
            "line": 107,
            "column": 23
          },
          "end": {
            "line": 107,
            "column": 24
          }
        },
        "loc": {
          "start": {
            "line": 107,
            "column": 29
          },
          "end": {
            "line": 119,
            "column": 3
          }
        },
        "line": 107
      },
      "8": {
        "name": "(anonymous_8)",
        "decl": {
          "start": {
            "line": 133,
            "column": 53
          },
          "end": {
            "line": 133,
            "column": 54
          }
        },
        "loc": {
          "start": {
            "line": 133,
            "column": 62
          },
          "end": {
            "line": 133,
            "column": 81
          }
        },
        "line": 133
      },
      "9": {
        "name": "(anonymous_9)",
        "decl": {
          "start": {
            "line": 140,
            "column": 22
          },
          "end": {
            "line": 140,
            "column": 23
          }
        },
        "loc": {
          "start": {
            "line": 140,
            "column": 31
          },
          "end": {
            "line": 140,
            "column": 59
          }
        },
        "line": 140
      },
      "10": {
        "name": "(anonymous_10)",
        "decl": {
          "start": {
            "line": 149,
            "column": 22
          },
          "end": {
            "line": 149,
            "column": 23
          }
        },
        "loc": {
          "start": {
            "line": 149,
            "column": 31
          },
          "end": {
            "line": 149,
            "column": 62
          }
        },
        "line": 149
      },
      "11": {
        "name": "(anonymous_11)",
        "decl": {
          "start": {
            "line": 158,
            "column": 22
          },
          "end": {
            "line": 158,
            "column": 23
          }
        },
        "loc": {
          "start": {
            "line": 158,
            "column": 31
          },
          "end": {
            "line": 158,
            "column": 66
          }
        },
        "line": 158
      }
    },
    "branchMap": {
      "0": {
        "loc": {
          "start": {
            "line": 53,
            "column": 4
          },
          "end": {
            "line": 58,
            "column": 5
          }
        },
        "type": "if",
        "locations": [
          {
            "start": {
              "line": 53,
              "column": 4
            },
            "end": {
              "line": 58,
              "column": 5
            }
          },
          {
            "start": {
              "line": 53,
              "column": 4
            },
            "end": {
              "line": 58,
              "column": 5
            }
          }
        ],
        "line": 53
      },
      "1": {
        "loc": {
          "start": {
            "line": 62,
            "column": 4
          },
          "end": {
            "line": 69,
            "column": 5
          }
        },
        "type": "if",
        "locations": [
          {
            "start": {
              "line": 62,
              "column": 4
            },
            "end": {
              "line": 69,
              "column": 5
            }
          },
          {
            "start": {
              "line": 62,
              "column": 4
            },
            "end": {
              "line": 69,
              "column": 5
            }
          }
        ],
        "line": 62
      },
      "2": {
        "loc": {
          "start": {
            "line": 62,
            "column": 7
          },
          "end": {
            "line": 62,
            "column": 22
          }
        },
        "type": "binary-expr",
        "locations": [
          {
            "start": {
              "line": 62,
              "column": 7
            },
            "end": {
              "line": 62,
              "column": 13
            }
          },
          {
            "start": {
              "line": 62,
              "column": 17
            },
            "end": {
              "line": 62,
              "column": 22
            }
          }
        ],
        "line": 62
      },
      "3": {
        "loc": {
          "start": {
            "line": 64,
            "column": 11
          },
          "end": {
            "line": 69,
            "column": 5
          }
        },
        "type": "if",
        "locations": [
          {
            "start": {
              "line": 64,
              "column": 11
            },
            "end": {
              "line": 69,
              "column": 5
            }
          },
          {
            "start": {
              "line": 64,
              "column": 11
            },
            "end": {
              "line": 69,
              "column": 5
            }
          }
        ],
        "line": 64
      },
      "4": {
        "loc": {
          "start": {
            "line": 64,
            "column": 15
          },
          "end": {
            "line": 64,
            "column": 29
          }
        },
        "type": "binary-expr",
        "locations": [
          {
            "start": {
              "line": 64,
              "column": 15
            },
            "end": {
              "line": 64,
              "column": 20
            }
          },
          {
            "start": {
              "line": 64,
              "column": 24
            },
            "end": {
              "line": 64,
              "column": 29
            }
          }
        ],
        "line": 64
      },
      "5": {
        "loc": {
          "start": {
            "line": 73,
            "column": 4
          },
          "end": {
            "line": 75,
            "column": 5
          }
        },
        "type": "if",
        "locations": [
          {
            "start": {
              "line": 73,
              "column": 4
            },
            "end": {
              "line": 75,
              "column": 5
            }
          },
          {
            "start": {
              "line": 73,
              "column": 4
            },
            "end": {
              "line": 75,
              "column": 5
            }
          }
        ],
        "line": 73
      },
      "6": {
        "loc": {
          "start": {
            "line": 76,
            "column": 4
          },
          "end": {
            "line": 78,
            "column": 5
          }
        },
        "type": "if",
        "locations": [
          {
            "start": {
              "line": 76,
              "column": 4
            },
            "end": {
              "line": 78,
              "column": 5
            }
          },
          {
            "start": {
              "line": 76,
              "column": 4
            },
            "end": {
              "line": 78,
              "column": 5
            }
          }
        ],
        "line": 76
      },
      "7": {
        "loc": {
          "start": {
            "line": 76,
            "column": 7
          },
          "end": {
            "line": 76,
            "column": 26
          }
        },
        "type": "binary-expr",
        "locations": [
          {
            "start": {
              "line": 76,
              "column": 7
            },
            "end": {
              "line": 76,
              "column": 18
            }
          },
          {
            "start": {
              "line": 76,
              "column": 22
            },
            "end": {
              "line": 76,
              "column": 26
            }
          }
        ],
        "line": 76
      },
      "8": {
        "loc": {
          "start": {
            "line": 83,
            "column": 4
          },
          "end": {
            "line": 104,
            "column": 3
          }
        },
        "type": "if",
        "locations": [
          {
            "start": {
              "line": 83,
              "column": 4
            },
            "end": {
              "line": 104,
              "column": 3
            }
          },
          {
            "start": {
              "line": 83,
              "column": 4
            },
            "end": {
              "line": 104,
              "column": 3
            }
          }
        ],
        "line": 83
      },
      "9": {
        "loc": {
          "start": {
            "line": 83,
            "column": 8
          },
          "end": {
            "line": 83,
            "column": 41
          }
        },
        "type": "binary-expr",
        "locations": [
          {
            "start": {
              "line": 83,
              "column": 8
            },
            "end": {
              "line": 83,
              "column": 16
            }
          },
          {
            "start": {
              "line": 83,
              "column": 20
            },
            "end": {
              "line": 83,
              "column": 25
            }
          },
          {
            "start": {
              "line": 83,
              "column": 29
            },
            "end": {
              "line": 83,
              "column": 41
            }
          }
        ],
        "line": 83
      },
      "10": {
        "loc": {
          "start": {
            "line": 92,
            "column": 6
          },
          "end": {
            "line": 96,
            "column": 7
          }
        },
        "type": "if",
        "locations": [
          {
            "start": {
              "line": 92,
              "column": 6
            },
            "end": {
              "line": 96,
              "column": 7
            }
          },
          {
            "start": {
              "line": 92,
              "column": 6
            },
            "end": {
              "line": 96,
              "column": 7
            }
          }
        ],
        "line": 92
      },
      "11": {
        "loc": {
          "start": {
            "line": 108,
            "column": 4
          },
          "end": {
            "line": 118,
            "column": 5
          }
        },
        "type": "if",
        "locations": [
          {
            "start": {
              "line": 108,
              "column": 4
            },
            "end": {
              "line": 118,
              "column": 5
            }
          },
          {
            "start": {
              "line": 108,
              "column": 4
            },
            "end": {
              "line": 118,
              "column": 5
            }
          }
        ],
        "line": 108
      },
      "12": {
        "loc": {
          "start": {
            "line": 129,
            "column": 9
          },
          "end": {
            "line": 129,
            "column": 46
          }
        },
        "type": "binary-expr",
        "locations": [
          {
            "start": {
              "line": 129,
              "column": 9
            },
            "end": {
              "line": 129,
              "column": 19
            }
          },
          {
            "start": {
              "line": 129,
              "column": 23
            },
            "end": {
              "line": 129,
              "column": 46
            }
          }
        ],
        "line": 129
      },
      "13": {
        "loc": {
          "start": {
            "line": 131,
            "column": 9
          },
          "end": {
            "line": 131,
            "column": 66
          }
        },
        "type": "binary-expr",
        "locations": [
          {
            "start": {
              "line": 131,
              "column": 9
            },
            "end": {
              "line": 131,
              "column": 24
            }
          },
          {
            "start": {
              "line": 131,
              "column": 28
            },
            "end": {
              "line": 131,
              "column": 66
            }
          }
        ],
        "line": 131
      },
      "14": {
        "loc": {
          "start": {
            "line": 132,
            "column": 9
          },
          "end": {
            "line": 132,
            "column": 113
          }
        },
        "type": "binary-expr",
        "locations": [
          {
            "start": {
              "line": 132,
              "column": 9
            },
            "end": {
              "line": 132,
              "column": 21
            }
          },
          {
            "start": {
              "line": 132,
              "column": 25
            },
            "end": {
              "line": 132,
              "column": 113
            }
          }
        ],
        "line": 132
      },
      "15": {
        "loc": {
          "start": {
            "line": 142,
            "column": 11
          },
          "end": {
            "line": 150,
            "column": 14
          }
        },
        "type": "binary-expr",
        "locations": [
          {
            "start": {
              "line": 142,
              "column": 11
            },
            "end": {
              "line": 142,
              "column": 34
            }
          },
          {
            "start": {
              "line": 143,
              "column": 10
            },
            "end": {
              "line": 150,
              "column": 14
            }
          }
        ],
        "line": 142
      },
      "16": {
        "loc": {
          "start": {
            "line": 151,
            "column": 11
          },
          "end": {
            "line": 159,
            "column": 14
          }
        },
        "type": "binary-expr",
        "locations": [
          {
            "start": {
              "line": 151,
              "column": 11
            },
            "end": {
              "line": 151,
              "column": 34
            }
          },
          {
            "start": {
              "line": 152,
              "column": 10
            },
            "end": {
              "line": 159,
              "column": 14
            }
          }
        ],
        "line": 151
      },
      "17": {
        "loc": {
          "start": {
            "line": 160,
            "column": 11
          },
          "end": {
            "line": 160,
            "column": 97
          }
        },
        "type": "binary-expr",
        "locations": [
          {
            "start": {
              "line": 160,
              "column": 11
            },
            "end": {
              "line": 160,
              "column": 33
            }
          },
          {
            "start": {
              "line": 160,
              "column": 37
            },
            "end": {
              "line": 160,
              "column": 97
            }
          }
        ],
        "line": 160
      },
      "18": {
        "loc": {
          "start": {
            "line": 161,
            "column": 11
          },
          "end": {
            "line": 161,
            "column": 115
          }
        },
        "type": "binary-expr",
        "locations": [
          {
            "start": {
              "line": 161,
              "column": 11
            },
            "end": {
              "line": 161,
              "column": 34
            }
          },
          {
            "start": {
              "line": 161,
              "column": 38
            },
            "end": {
              "line": 161,
              "column": 115
            }
          }
        ],
        "line": 161
      },
      "19": {
        "loc": {
          "start": {
            "line": 165,
            "column": 11
          },
          "end": {
            "line": 165,
            "column": 94
          }
        },
        "type": "binary-expr",
        "locations": [
          {
            "start": {
              "line": 165,
              "column": 11
            },
            "end": {
              "line": 165,
              "column": 33
            }
          },
          {
            "start": {
              "line": 165,
              "column": 37
            },
            "end": {
              "line": 165,
              "column": 94
            }
          }
        ],
        "line": 165
      },
      "20": {
        "loc": {
          "start": {
            "line": 166,
            "column": 11
          },
          "end": {
            "line": 166,
            "column": 117
          }
        },
        "type": "binary-expr",
        "locations": [
          {
            "start": {
              "line": 166,
              "column": 11
            },
            "end": {
              "line": 166,
              "column": 33
            }
          },
          {
            "start": {
              "line": 166,
              "column": 37
            },
            "end": {
              "line": 166,
              "column": 117
            }
          }
        ],
        "line": 166
      },
      "21": {
        "loc": {
          "start": {
            "line": 167,
            "column": 11
          },
          "end": {
            "line": 167,
            "column": 115
          }
        },
        "type": "binary-expr",
        "locations": [
          {
            "start": {
              "line": 167,
              "column": 11
            },
            "end": {
              "line": 167,
              "column": 34
            }
          },
          {
            "start": {
              "line": 167,
              "column": 38
            },
            "end": {
              "line": 167,
              "column": 115
            }
          }
        ],
        "line": 167
      }
    },
    "s": {
      "0": 28,
      "1": 28,
      "2": 28,
      "3": 1096,
      "4": 1096,
      "5": 1096,
      "6": 1096,
      "7": 1096,
      "8": 1096,
      "9": 1096,
      "10": 1096,
      "11": 1096,
      "12": 1096,
      "13": 1096,
      "14": 1096,
      "15": 27,
      "16": 27,
      "17": 25,
      "18": 25,
      "19": 2,
      "20": 1096,
      "21": 1178,
      "22": 0,
      "23": 1178,
      "24": 2,
      "25": 0,
      "26": 2,
      "27": 1176,
      "28": 1096,
      "29": 82,
      "30": 24,
      "31": 82,
      "32": 24,
      "33": 1096,
      "34": 2,
      "35": 2,
      "36": 2,
      "37": 1,
      "38": 1,
      "39": 1,
      "40": 1,
      "41": 1,
      "42": 1,
      "43": 0,
      "44": 1096,
      "45": 3,
      "46": 3,
      "47": 3,
      "48": 3,
      "49": 3,
      "50": 0,
      "51": 0,
      "52": 0,
      "53": 0,
      "54": 1096,
      "55": 27,
      "56": 431,
      "57": 10,
      "58": 21
    },
    "f": {
      "0": 1096,
      "1": 27,
      "2": 1178,
      "3": 0,
      "4": 82,
      "5": 2,
      "6": 0,
      "7": 3,
      "8": 27,
      "9": 431,
      "10": 10,
      "11": 21
    },
    "b": {
      "0": [
        25,
        2
      ],
      "1": [
        0,
        1178
      ],
      "2": [
        1178,
        1054
      ],
      "3": [
        2,
        1176
      ],
      "4": [
        1178,
        124
      ],
      "5": [
        24,
        58
      ],
      "6": [
        24,
        58
      ],
      "7": [
        82,
        82
      ],
      "8": [
        2,
        0
      ],
      "9": [
        2,
        2,
        2
      ],
      "10": [
        1,
        0
      ],
      "11": [
        3,
        0
      ],
      "12": [
        1096,
        2
      ],
      "13": [
        1096,
        2
      ],
      "14": [
        1096,
        2
      ],
      "15": [
        1096,
        134
      ],
      "16": [
        1096,
        134
      ],
      "17": [
        1096,
        962
      ],
      "18": [
        1096,
        134
      ],
      "19": [
        1096,
        962
      ],
      "20": [
        1096,
        962
      ],
      "21": [
        1096,
        134
      ]
    },
    "_coverageSchema": "1a1c01bbd47fc00a2c39e90264f33305004495a9",
    "hash": "4e48b281feb55aba2bb1203735a4b024eb88b3d4"
  },
  "/Users/joshuapierce/mod4/projects/bookworm-fe/src/Components/DashboardMenu/DashboardMenu.tsx": {
    "path": "/Users/joshuapierce/mod4/projects/bookworm-fe/src/Components/DashboardMenu/DashboardMenu.tsx",
    "statementMap": {
      "0": {
        "start": {
          "line": 5,
          "column": 22
        },
        "end": {
          "line": 18,
          "column": 1
        }
      },
      "1": {
        "start": {
          "line": 6,
          "column": 30
        },
        "end": {
          "line": 6,
          "column": 43
        }
      },
      "2": {
        "start": {
          "line": 7,
          "column": 22
        },
        "end": {
          "line": 9,
          "column": 3
        }
      },
      "3": {
        "start": {
          "line": 8,
          "column": 4
        },
        "end": {
          "line": 8,
          "column": 37
        }
      },
      "4": {
        "start": {
          "line": 10,
          "column": 2
        },
        "end": {
          "line": 17,
          "column": 3
        }
      },
      "5": {
        "start": {
          "line": 12,
          "column": 146
        },
        "end": {
          "line": 12,
          "column": 164
        }
      },
      "6": {
        "start": {
          "line": 13,
          "column": 164
        },
        "end": {
          "line": 13,
          "column": 182
        }
      },
      "7": {
        "start": {
          "line": 14,
          "column": 163
        },
        "end": {
          "line": 14,
          "column": 181
        }
      },
      "8": {
        "start": {
          "line": 15,
          "column": 155
        },
        "end": {
          "line": 15,
          "column": 173
        }
      }
    },
    "fnMap": {
      "0": {
        "name": "(anonymous_0)",
        "decl": {
          "start": {
            "line": 5,
            "column": 22
          },
          "end": {
            "line": 5,
            "column": 23
          }
        },
        "loc": {
          "start": {
            "line": 5,
            "column": 28
          },
          "end": {
            "line": 18,
            "column": 1
          }
        },
        "line": 5
      },
      "1": {
        "name": "(anonymous_1)",
        "decl": {
          "start": {
            "line": 7,
            "column": 22
          },
          "end": {
            "line": 7,
            "column": 23
          }
        },
        "loc": {
          "start": {
            "line": 7,
            "column": 82
          },
          "end": {
            "line": 9,
            "column": 3
          }
        },
        "line": 7
      },
      "2": {
        "name": "(anonymous_2)",
        "decl": {
          "start": {
            "line": 12,
            "column": 135
          },
          "end": {
            "line": 12,
            "column": 136
          }
        },
        "loc": {
          "start": {
            "line": 12,
            "column": 146
          },
          "end": {
            "line": 12,
            "column": 164
          }
        },
        "line": 12
      },
      "3": {
        "name": "(anonymous_3)",
        "decl": {
          "start": {
            "line": 13,
            "column": 153
          },
          "end": {
            "line": 13,
            "column": 154
          }
        },
        "loc": {
          "start": {
            "line": 13,
            "column": 164
          },
          "end": {
            "line": 13,
            "column": 182
          }
        },
        "line": 13
      },
      "4": {
        "name": "(anonymous_4)",
        "decl": {
          "start": {
            "line": 14,
            "column": 152
          },
          "end": {
            "line": 14,
            "column": 153
          }
        },
        "loc": {
          "start": {
            "line": 14,
            "column": 163
          },
          "end": {
            "line": 14,
            "column": 181
          }
        },
        "line": 14
      },
      "5": {
        "name": "(anonymous_5)",
        "decl": {
          "start": {
            "line": 15,
            "column": 144
          },
          "end": {
            "line": 15,
            "column": 145
          }
        },
        "loc": {
          "start": {
            "line": 15,
            "column": 155
          },
          "end": {
            "line": 15,
            "column": 173
          }
        },
        "line": 15
      }
    },
    "branchMap": {
      "0": {
        "loc": {
          "start": {
            "line": 12,
            "column": 57
          },
          "end": {
            "line": 12,
            "column": 124
          }
        },
        "type": "cond-expr",
        "locations": [
          {
            "start": {
              "line": 12,
              "column": 74
            },
            "end": {
              "line": 12,
              "column": 101
            }
          },
          {
            "start": {
              "line": 12,
              "column": 104
            },
            "end": {
              "line": 12,
              "column": 124
            }
          }
        ],
        "line": 12
      },
      "1": {
        "loc": {
          "start": {
            "line": 13,
            "column": 75
          },
          "end": {
            "line": 13,
            "column": 142
          }
        },
        "type": "cond-expr",
        "locations": [
          {
            "start": {
              "line": 13,
              "column": 92
            },
            "end": {
              "line": 13,
              "column": 119
            }
          },
          {
            "start": {
              "line": 13,
              "column": 122
            },
            "end": {
              "line": 13,
              "column": 142
            }
          }
        ],
        "line": 13
      },
      "2": {
        "loc": {
          "start": {
            "line": 14,
            "column": 74
          },
          "end": {
            "line": 14,
            "column": 141
          }
        },
        "type": "cond-expr",
        "locations": [
          {
            "start": {
              "line": 14,
              "column": 91
            },
            "end": {
              "line": 14,
              "column": 118
            }
          },
          {
            "start": {
              "line": 14,
              "column": 121
            },
            "end": {
              "line": 14,
              "column": 141
            }
          }
        ],
        "line": 14
      },
      "3": {
        "loc": {
          "start": {
            "line": 15,
            "column": 66
          },
          "end": {
            "line": 15,
            "column": 133
          }
        },
        "type": "cond-expr",
        "locations": [
          {
            "start": {
              "line": 15,
              "column": 83
            },
            "end": {
              "line": 15,
              "column": 110
            }
          },
          {
            "start": {
              "line": 15,
              "column": 113
            },
            "end": {
              "line": 15,
              "column": 133
            }
          }
        ],
        "line": 15
      }
    },
    "s": {
      "0": 28,
      "1": 68,
      "2": 68,
      "3": 16,
      "4": 68,
      "5": 2,
      "6": 4,
      "7": 6,
      "8": 4
    },
    "f": {
      "0": 68,
      "1": 16,
      "2": 2,
      "3": 4,
      "4": 6,
      "5": 4
    },
    "b": {
      "0": [
        40,
        28
      ],
      "1": [
        8,
        60
      ],
      "2": [
        12,
        56
      ],
      "3": [
        8,
        60
      ]
    },
    "_coverageSchema": "1a1c01bbd47fc00a2c39e90264f33305004495a9",
    "hash": "339a40fd5d1a80d1756def4a92a0ba026292166f"
  },
  "/Users/joshuapierce/mod4/projects/bookworm-fe/src/Components/Request/Request.tsx": {
    "path": "/Users/joshuapierce/mod4/projects/bookworm-fe/src/Components/Request/Request.tsx",
    "statementMap": {
      "0": {
        "start": {
          "line": 5,
          "column": 40
        },
        "end": {
          "line": 20,
          "column": 1
        }
      },
      "1": {
        "start": {
          "line": 6,
          "column": 2
        },
        "end": {
          "line": 19,
          "column": 3
        }
      },
      "2": {
        "start": {
          "line": 14,
          "column": 76
        },
        "end": {
          "line": 14,
          "column": 123
        }
      },
      "3": {
        "start": {
          "line": 15,
          "column": 72
        },
        "end": {
          "line": 15,
          "column": 117
        }
      }
    },
    "fnMap": {
      "0": {
        "name": "(anonymous_0)",
        "decl": {
          "start": {
            "line": 5,
            "column": 40
          },
          "end": {
            "line": 5,
            "column": 41
          }
        },
        "loc": {
          "start": {
            "line": 5,
            "column": 51
          },
          "end": {
            "line": 20,
            "column": 1
          }
        },
        "line": 5
      },
      "1": {
        "name": "(anonymous_1)",
        "decl": {
          "start": {
            "line": 14,
            "column": 70
          },
          "end": {
            "line": 14,
            "column": 71
          }
        },
        "loc": {
          "start": {
            "line": 14,
            "column": 76
          },
          "end": {
            "line": 14,
            "column": 123
          }
        },
        "line": 14
      },
      "2": {
        "name": "(anonymous_2)",
        "decl": {
          "start": {
            "line": 15,
            "column": 66
          },
          "end": {
            "line": 15,
            "column": 67
          }
        },
        "loc": {
          "start": {
            "line": 15,
            "column": 72
          },
          "end": {
            "line": 15,
            "column": 117
          }
        },
        "line": 15
      }
    },
    "branchMap": {},
    "s": {
      "0": 28,
      "1": 46,
      "2": 1,
      "3": 1
    },
    "f": {
      "0": 46,
      "1": 1,
      "2": 1
    },
    "b": {},
    "_coverageSchema": "1a1c01bbd47fc00a2c39e90264f33305004495a9",
    "hash": "64ce253efa80c6fc66fa94fa3e029447801a4534"
  },
  "/Users/joshuapierce/mod4/projects/bookworm-fe/src/Components/ServerError/ServerError.tsx": {
    "path": "/Users/joshuapierce/mod4/projects/bookworm-fe/src/Components/ServerError/ServerError.tsx",
    "statementMap": {
      "0": {
        "start": {
          "line": 7,
          "column": 39
        },
        "end": {
          "line": 18,
          "column": 1
        }
      },
      "1": {
        "start": {
          "line": 8,
          "column": 2
        },
        "end": {
          "line": 17,
          "column": 4
        }
      }
    },
    "fnMap": {
      "0": {
        "name": "(anonymous_0)",
        "decl": {
          "start": {
            "line": 7,
            "column": 39
          },
          "end": {
            "line": 7,
            "column": 40
          }
        },
        "loc": {
          "start": {
            "line": 7,
            "column": 56
          },
          "end": {
            "line": 18,
            "column": 1
          }
        },
        "line": 7
      }
    },
    "branchMap": {
      "0": {
        "loc": {
          "start": {
            "line": 13,
            "column": 12
          },
          "end": {
            "line": 13,
            "column": 47
          }
        },
        "type": "binary-expr",
        "locations": [
          {
            "start": {
              "line": 13,
              "column": 12
            },
            "end": {
              "line": 13,
              "column": 19
            }
          },
          {
            "start": {
              "line": 13,
              "column": 23
            },
            "end": {
              "line": 13,
              "column": 47
            }
          }
        ],
        "line": 13
      }
    },
    "s": {
      "0": 28,
      "1": 42
    },
    "f": {
      "0": 42
    },
    "b": {
      "0": [
        42,
        18
      ]
    },
    "_coverageSchema": "1a1c01bbd47fc00a2c39e90264f33305004495a9",
    "hash": "2f45b18338f33e06ef7c34b0f573beb3dac5ec18"
  },
  "/Users/joshuapierce/mod4/projects/bookworm-fe/src/Components/PendingRequests/PendingRequests.tsx": {
    "path": "/Users/joshuapierce/mod4/projects/bookworm-fe/src/Components/PendingRequests/PendingRequests.tsx",
    "statementMap": {
      "0": {
        "start": {
          "line": 9,
          "column": 17
        },
        "end": {
          "line": 27,
          "column": 1
        }
      },
      "1": {
        "start": {
          "line": 29,
          "column": 28
        },
        "end": {
          "line": 41,
          "column": 1
        }
      },
      "2": {
        "start": {
          "line": 43,
          "column": 30
        },
        "end": {
          "line": 55,
          "column": 1
        }
      },
      "3": {
        "start": {
          "line": 57,
          "column": 24
        },
        "end": {
          "line": 158,
          "column": 1
        }
      },
      "4": {
        "start": {
          "line": 58,
          "column": 30
        },
        "end": {
          "line": 58,
          "column": 73
        }
      },
      "5": {
        "start": {
          "line": 59,
          "column": 28
        },
        "end": {
          "line": 59,
          "column": 67
        }
      },
      "6": {
        "start": {
          "line": 60,
          "column": 54
        },
        "end": {
          "line": 64,
          "column": 4
        }
      },
      "7": {
        "start": {
          "line": 66,
          "column": 28
        },
        "end": {
          "line": 68,
          "column": 4
        }
      },
      "8": {
        "start": {
          "line": 70,
          "column": 50
        },
        "end": {
          "line": 70,
          "column": 62
        }
      },
      "9": {
        "start": {
          "line": 71,
          "column": 28
        },
        "end": {
          "line": 71,
          "column": 42
        }
      },
      "10": {
        "start": {
          "line": 72,
          "column": 32
        },
        "end": {
          "line": 72,
          "column": 64
        }
      },
      "11": {
        "start": {
          "line": 73,
          "column": 34
        },
        "end": {
          "line": 73,
          "column": 68
        }
      },
      "12": {
        "start": {
          "line": 75,
          "column": 2
        },
        "end": {
          "line": 79,
          "column": 39
        }
      },
      "13": {
        "start": {
          "line": 76,
          "column": 4
        },
        "end": {
          "line": 78,
          "column": 5
        }
      },
      "14": {
        "start": {
          "line": 77,
          "column": 6
        },
        "end": {
          "line": 77,
          "column": 56
        }
      },
      "15": {
        "start": {
          "line": 81,
          "column": 2
        },
        "end": {
          "line": 83,
          "column": 12
        }
      },
      "16": {
        "start": {
          "line": 82,
          "column": 4
        },
        "end": {
          "line": 82,
          "column": 13
        }
      },
      "17": {
        "start": {
          "line": 85,
          "column": 22
        },
        "end": {
          "line": 102,
          "column": 3
        }
      },
      "18": {
        "start": {
          "line": 86,
          "column": 4
        },
        "end": {
          "line": 101,
          "column": 5
        }
      },
      "19": {
        "start": {
          "line": 87,
          "column": 21
        },
        "end": {
          "line": 94,
          "column": 10
        }
      },
      "20": {
        "start": {
          "line": 95,
          "column": 6
        },
        "end": {
          "line": 97,
          "column": 7
        }
      },
      "21": {
        "start": {
          "line": 96,
          "column": 8
        },
        "end": {
          "line": 96,
          "column": 17
        }
      },
      "22": {
        "start": {
          "line": 100,
          "column": 6
        },
        "end": {
          "line": 100,
          "column": 24
        }
      },
      "23": {
        "start": {
          "line": 104,
          "column": 24
        },
        "end": {
          "line": 121,
          "column": 3
        }
      },
      "24": {
        "start": {
          "line": 105,
          "column": 3
        },
        "end": {
          "line": 120,
          "column": 5
        }
      },
      "25": {
        "start": {
          "line": 106,
          "column": 20
        },
        "end": {
          "line": 113,
          "column": 8
        }
      },
      "26": {
        "start": {
          "line": 114,
          "column": 6
        },
        "end": {
          "line": 116,
          "column": 7
        }
      },
      "27": {
        "start": {
          "line": 115,
          "column": 8
        },
        "end": {
          "line": 115,
          "column": 17
        }
      },
      "28": {
        "start": {
          "line": 119,
          "column": 4
        },
        "end": {
          "line": 119,
          "column": 22
        }
      },
      "29": {
        "start": {
          "line": 123,
          "column": 22
        },
        "end": {
          "line": 141,
          "column": 3
        }
      },
      "30": {
        "start": {
          "line": 124,
          "column": 4
        },
        "end": {
          "line": 140,
          "column": 5
        }
      },
      "31": {
        "start": {
          "line": 125,
          "column": 6
        },
        "end": {
          "line": 139,
          "column": 8
        }
      },
      "32": {
        "start": {
          "line": 126,
          "column": 6
        },
        "end": {
          "line": 138,
          "column": 8
        }
      },
      "33": {
        "start": {
          "line": 143,
          "column": 25
        },
        "end": {
          "line": 149,
          "column": 3
        }
      },
      "34": {
        "start": {
          "line": 144,
          "column": 5
        },
        "end": {
          "line": 148,
          "column": 5
        }
      },
      "35": {
        "start": {
          "line": 145,
          "column": 6
        },
        "end": {
          "line": 145,
          "column": 61
        }
      },
      "36": {
        "start": {
          "line": 146,
          "column": 11
        },
        "end": {
          "line": 148,
          "column": 5
        }
      },
      "37": {
        "start": {
          "line": 147,
          "column": 6
        },
        "end": {
          "line": 147,
          "column": 54
        }
      },
      "38": {
        "start": {
          "line": 151,
          "column": 2
        },
        "end": {
          "line": 157,
          "column": 3
        }
      }
    },
    "fnMap": {
      "0": {
        "name": "(anonymous_0)",
        "decl": {
          "start": {
            "line": 57,
            "column": 24
          },
          "end": {
            "line": 57,
            "column": 25
          }
        },
        "loc": {
          "start": {
            "line": 57,
            "column": 30
          },
          "end": {
            "line": 158,
            "column": 1
          }
        },
        "line": 57
      },
      "1": {
        "name": "(anonymous_1)",
        "decl": {
          "start": {
            "line": 75,
            "column": 12
          },
          "end": {
            "line": 75,
            "column": 13
          }
        },
        "loc": {
          "start": {
            "line": 75,
            "column": 18
          },
          "end": {
            "line": 79,
            "column": 3
          }
        },
        "line": 75
      },
      "2": {
        "name": "(anonymous_2)",
        "decl": {
          "start": {
            "line": 81,
            "column": 12
          },
          "end": {
            "line": 81,
            "column": 13
          }
        },
        "loc": {
          "start": {
            "line": 81,
            "column": 18
          },
          "end": {
            "line": 83,
            "column": 3
          }
        },
        "line": 81
      },
      "3": {
        "name": "(anonymous_3)",
        "decl": {
          "start": {
            "line": 85,
            "column": 22
          },
          "end": {
            "line": 85,
            "column": 23
          }
        },
        "loc": {
          "start": {
            "line": 85,
            "column": 68
          },
          "end": {
            "line": 102,
            "column": 3
          }
        },
        "line": 85
      },
      "4": {
        "name": "(anonymous_4)",
        "decl": {
          "start": {
            "line": 104,
            "column": 24
          },
          "end": {
            "line": 104,
            "column": 25
          }
        },
        "loc": {
          "start": {
            "line": 104,
            "column": 70
          },
          "end": {
            "line": 121,
            "column": 3
          }
        },
        "line": 104
      },
      "5": {
        "name": "(anonymous_5)",
        "decl": {
          "start": {
            "line": 123,
            "column": 22
          },
          "end": {
            "line": 123,
            "column": 23
          }
        },
        "loc": {
          "start": {
            "line": 123,
            "column": 28
          },
          "end": {
            "line": 141,
            "column": 3
          }
        },
        "line": 123
      },
      "6": {
        "name": "(anonymous_6)",
        "decl": {
          "start": {
            "line": 125,
            "column": 33
          },
          "end": {
            "line": 125,
            "column": 34
          }
        },
        "loc": {
          "start": {
            "line": 125,
            "column": 98
          },
          "end": {
            "line": 139,
            "column": 7
          }
        },
        "line": 125
      },
      "7": {
        "name": "(anonymous_7)",
        "decl": {
          "start": {
            "line": 143,
            "column": 25
          },
          "end": {
            "line": 143,
            "column": 26
          }
        },
        "loc": {
          "start": {
            "line": 143,
            "column": 31
          },
          "end": {
            "line": 149,
            "column": 3
          }
        },
        "line": 143
      }
    },
    "branchMap": {
      "0": {
        "loc": {
          "start": {
            "line": 76,
            "column": 4
          },
          "end": {
            "line": 78,
            "column": 5
          }
        },
        "type": "if",
        "locations": [
          {
            "start": {
              "line": 76,
              "column": 4
            },
            "end": {
              "line": 78,
              "column": 5
            }
          },
          {
            "start": {
              "line": 76,
              "column": 4
            },
            "end": {
              "line": 78,
              "column": 5
            }
          }
        ],
        "line": 76
      },
      "1": {
        "loc": {
          "start": {
            "line": 95,
            "column": 6
          },
          "end": {
            "line": 97,
            "column": 7
          }
        },
        "type": "if",
        "locations": [
          {
            "start": {
              "line": 95,
              "column": 6
            },
            "end": {
              "line": 97,
              "column": 7
            }
          },
          {
            "start": {
              "line": 95,
              "column": 6
            },
            "end": {
              "line": 97,
              "column": 7
            }
          }
        ],
        "line": 95
      },
      "2": {
        "loc": {
          "start": {
            "line": 114,
            "column": 6
          },
          "end": {
            "line": 116,
            "column": 7
          }
        },
        "type": "if",
        "locations": [
          {
            "start": {
              "line": 114,
              "column": 6
            },
            "end": {
              "line": 116,
              "column": 7
            }
          },
          {
            "start": {
              "line": 114,
              "column": 6
            },
            "end": {
              "line": 116,
              "column": 7
            }
          }
        ],
        "line": 114
      },
      "3": {
        "loc": {
          "start": {
            "line": 124,
            "column": 4
          },
          "end": {
            "line": 140,
            "column": 5
          }
        },
        "type": "if",
        "locations": [
          {
            "start": {
              "line": 124,
              "column": 4
            },
            "end": {
              "line": 140,
              "column": 5
            }
          },
          {
            "start": {
              "line": 124,
              "column": 4
            },
            "end": {
              "line": 140,
              "column": 5
            }
          }
        ],
        "line": 124
      },
      "4": {
        "loc": {
          "start": {
            "line": 144,
            "column": 5
          },
          "end": {
            "line": 148,
            "column": 5
          }
        },
        "type": "if",
        "locations": [
          {
            "start": {
              "line": 144,
              "column": 5
            },
            "end": {
              "line": 148,
              "column": 5
            }
          },
          {
            "start": {
              "line": 144,
              "column": 5
            },
            "end": {
              "line": 148,
              "column": 5
            }
          }
        ],
        "line": 144
      },
      "5": {
        "loc": {
          "start": {
            "line": 144,
            "column": 9
          },
          "end": {
            "line": 144,
            "column": 26
          }
        },
        "type": "binary-expr",
        "locations": [
          {
            "start": {
              "line": 144,
              "column": 9
            },
            "end": {
              "line": 144,
              "column": 16
            }
          },
          {
            "start": {
              "line": 144,
              "column": 20
            },
            "end": {
              "line": 144,
              "column": 26
            }
          }
        ],
        "line": 144
      },
      "6": {
        "loc": {
          "start": {
            "line": 146,
            "column": 11
          },
          "end": {
            "line": 148,
            "column": 5
          }
        },
        "type": "if",
        "locations": [
          {
            "start": {
              "line": 146,
              "column": 11
            },
            "end": {
              "line": 148,
              "column": 5
            }
          },
          {
            "start": {
              "line": 146,
              "column": 11
            },
            "end": {
              "line": 148,
              "column": 5
            }
          }
        ],
        "line": 146
      },
      "7": {
        "loc": {
          "start": {
            "line": 146,
            "column": 15
          },
          "end": {
            "line": 146,
            "column": 65
          }
        },
        "type": "binary-expr",
        "locations": [
          {
            "start": {
              "line": 146,
              "column": 15
            },
            "end": {
              "line": 146,
              "column": 23
            }
          },
          {
            "start": {
              "line": 146,
              "column": 27
            },
            "end": {
              "line": 146,
              "column": 33
            }
          },
          {
            "start": {
              "line": 146,
              "column": 37
            },
            "end": {
              "line": 146,
              "column": 65
            }
          }
        ],
        "line": 146
      },
      "8": {
        "loc": {
          "start": {
            "line": 153,
            "column": 9
          },
          "end": {
            "line": 153,
            "column": 33
          }
        },
        "type": "binary-expr",
        "locations": [
          {
            "start": {
              "line": 153,
              "column": 9
            },
            "end": {
              "line": 153,
              "column": 14
            }
          },
          {
            "start": {
              "line": 153,
              "column": 18
            },
            "end": {
              "line": 153,
              "column": 33
            }
          }
        ],
        "line": 153
      }
    },
    "s": {
      "0": 28,
      "1": 28,
      "2": 28,
      "3": 28,
      "4": 62,
      "5": 62,
      "6": 62,
      "7": 62,
      "8": 62,
      "9": 62,
      "10": 62,
      "11": 62,
      "12": 62,
      "13": 19,
      "14": 19,
      "15": 62,
      "16": 12,
      "17": 62,
      "18": 1,
      "19": 1,
      "20": 1,
      "21": 1,
      "22": 0,
      "23": 62,
      "24": 1,
      "25": 1,
      "26": 1,
      "27": 1,
      "28": 0,
      "29": 62,
      "30": 62,
      "31": 62,
      "32": 46,
      "33": 62,
      "34": 62,
      "35": 12,
      "36": 50,
      "37": 16,
      "38": 62
    },
    "f": {
      "0": 62,
      "1": 19,
      "2": 12,
      "3": 1,
      "4": 1,
      "5": 62,
      "6": 46,
      "7": 62
    },
    "b": {
      "0": [
        19,
        0
      ],
      "1": [
        1,
        0
      ],
      "2": [
        1,
        0
      ],
      "3": [
        62,
        0
      ],
      "4": [
        12,
        50
      ],
      "5": [
        62,
        12
      ],
      "6": [
        16,
        34
      ],
      "7": [
        50,
        50,
        48
      ],
      "8": [
        62,
        2
      ]
    },
    "_coverageSchema": "1a1c01bbd47fc00a2c39e90264f33305004495a9",
    "hash": "f94a002c2cdf5ff27977e4176d5b8bc6324d3b56"
  },
  "/Users/joshuapierce/mod4/projects/bookworm-fe/src/Components/ClickableBook/ClickableBook.tsx": {
    "path": "/Users/joshuapierce/mod4/projects/bookworm-fe/src/Components/ClickableBook/ClickableBook.tsx",
    "statementMap": {
      "0": {
        "start": {
          "line": 6,
          "column": 33
        },
        "end": {
          "line": 14,
          "column": 1
        }
      },
      "1": {
        "start": {
          "line": 7,
          "column": 2
        },
        "end": {
          "line": 13,
          "column": 3
        }
      }
    },
    "fnMap": {
      "0": {
        "name": "(anonymous_0)",
        "decl": {
          "start": {
            "line": 6,
            "column": 33
          },
          "end": {
            "line": 6,
            "column": 34
          }
        },
        "loc": {
          "start": {
            "line": 6,
            "column": 68
          },
          "end": {
            "line": 14,
            "column": 1
          }
        },
        "line": 6
      }
    },
    "branchMap": {},
    "s": {
      "0": 28,
      "1": 194
    },
    "f": {
      "0": 194
    },
    "b": {},
    "_coverageSchema": "1a1c01bbd47fc00a2c39e90264f33305004495a9",
    "hash": "d05e69a83bf668c139cd1995b026bcd6714a594b"
  },
  "/Users/joshuapierce/mod4/projects/bookworm-fe/src/Components/Home/Home.tsx": {
    "path": "/Users/joshuapierce/mod4/projects/bookworm-fe/src/Components/Home/Home.tsx",
    "statementMap": {
      "0": {
        "start": {
          "line": 9,
          "column": 20
        },
        "end": {
          "line": 16,
          "column": 4
        }
      },
      "1": {
        "start": {
          "line": 18,
          "column": 19
        },
        "end": {
          "line": 24,
          "column": 2
        }
      },
      "2": {
        "start": {
          "line": 26,
          "column": 13
        },
        "end": {
          "line": 87,
          "column": 1
        }
      },
      "3": {
        "start": {
          "line": 27,
          "column": 38
        },
        "end": {
          "line": 27,
          "column": 58
        }
      },
      "4": {
        "start": {
          "line": 28,
          "column": 44
        },
        "end": {
          "line": 28,
          "column": 64
        }
      },
      "5": {
        "start": {
          "line": 29,
          "column": 16
        },
        "end": {
          "line": 29,
          "column": 54
        }
      },
      "6": {
        "start": {
          "line": 30,
          "column": 44
        },
        "end": {
          "line": 30,
          "column": 64
        }
      },
      "7": {
        "start": {
          "line": 31,
          "column": 34
        },
        "end": {
          "line": 31,
          "column": 46
        }
      },
      "8": {
        "start": {
          "line": 33,
          "column": 2
        },
        "end": {
          "line": 38,
          "column": 12
        }
      },
      "9": {
        "start": {
          "line": 34,
          "column": 4
        },
        "end": {
          "line": 37,
          "column": 5
        }
      },
      "10": {
        "start": {
          "line": 35,
          "column": 6
        },
        "end": {
          "line": 35,
          "column": 15
        }
      },
      "11": {
        "start": {
          "line": 36,
          "column": 6
        },
        "end": {
          "line": 36,
          "column": 29
        }
      },
      "12": {
        "start": {
          "line": 40,
          "column": 34
        },
        "end": {
          "line": 48,
          "column": 6
        }
      },
      "13": {
        "start": {
          "line": 41,
          "column": 4
        },
        "end": {
          "line": 47,
          "column": 7
        }
      },
      "14": {
        "start": {
          "line": 50,
          "column": 24
        },
        "end": {
          "line": 51,
          "column": 40
        }
      },
      "15": {
        "start": {
          "line": 53,
          "column": 24
        },
        "end": {
          "line": 56,
          "column": 3
        }
      },
      "16": {
        "start": {
          "line": 54,
          "column": 6
        },
        "end": {
          "line": 54,
          "column": 46
        }
      },
      "17": {
        "start": {
          "line": 55,
          "column": 6
        },
        "end": {
          "line": 55,
          "column": 132
        }
      },
      "18": {
        "start": {
          "line": 57,
          "column": 30
        },
        "end": {
          "line": 62,
          "column": 5
        }
      },
      "19": {
        "start": {
          "line": 58,
          "column": 6
        },
        "end": {
          "line": 58,
          "column": 15
        }
      },
      "20": {
        "start": {
          "line": 59,
          "column": 6
        },
        "end": {
          "line": 59,
          "column": 29
        }
      },
      "21": {
        "start": {
          "line": 60,
          "column": 6
        },
        "end": {
          "line": 60,
          "column": 26
        }
      },
      "22": {
        "start": {
          "line": 61,
          "column": 6
        },
        "end": {
          "line": 61,
          "column": 23
        }
      },
      "23": {
        "start": {
          "line": 64,
[...]
          "end": {
            "line": 53,
            "column": 3
          }
        },
        "line": 49
      }
    },
    "branchMap": {
      "0": {
        "loc": {
          "start": {
            "line": 44,
            "column": 4
          },
          "end": {
            "line": 46,
            "column": 5
          }
        },
        "type": "if",
        "locations": [
          {
            "start": {
              "line": 44,
              "column": 4
            },
            "end": {
              "line": 46,
              "column": 5
            }
          },
          {
            "start": {
              "line": 44,
              "column": 4
            },
            "end": {
              "line": 46,
              "column": 5
            }
          }
        ],
        "line": 44
      },
      "1": {
        "loc": {
          "start": {
            "line": 50,
            "column": 4
          },
          "end": {
            "line": 52,
            "column": 5
          }
        },
        "type": "if",
        "locations": [
          {
            "start": {
              "line": 50,
              "column": 4
            },
            "end": {
              "line": 52,
              "column": 5
            }
          },
          {
            "start": {
              "line": 50,
              "column": 4
            },
            "end": {
              "line": 52,
              "column": 5
            }
          }
        ],
        "line": 50
      },
      "2": {
        "loc": {
          "start": {
            "line": 60,
            "column": 9
          },
          "end": {
            "line": 60,
            "column": 56
          }
        },
        "type": "binary-expr",
        "locations": [
          {
            "start": {
              "line": 60,
              "column": 9
            },
            "end": {
              "line": 60,
              "column": 14
            }
          },
          {
            "start": {
              "line": 60,
              "column": 18
            },
            "end": {
              "line": 60,
              "column": 56
            }
          }
        ],
        "line": 60
      },
      "3": {
        "loc": {
          "start": {
            "line": 72,
            "column": 9
          },
          "end": {
            "line": 72,
            "column": 68
          }
        },
        "type": "binary-expr",
        "locations": [
          {
            "start": {
              "line": 72,
              "column": 9
            },
            "end": {
              "line": 72,
              "column": 16
            }
          },
          {
            "start": {
              "line": 72,
              "column": 20
            },
            "end": {
              "line": 72,
              "column": 68
            }
          }
        ],
        "line": 72
      },
      "4": {
        "loc": {
          "start": {
            "line": 73,
            "column": 9
          },
          "end": {
            "line": 74,
            "column": 87
          }
        },
        "type": "cond-expr",
        "locations": [
          {
            "start": {
              "line": 73,
              "column": 61
            },
            "end": {
              "line": 73,
              "column": 118
            }
          },
          {
            "start": {
              "line": 74,
              "column": 8
            },
            "end": {
              "line": 74,
              "column": 87
            }
          }
        ],
        "line": 73
      },
      "5": {
        "loc": {
          "start": {
            "line": 73,
            "column": 10
          },
          "end": {
            "line": 73,
            "column": 57
          }
        },
        "type": "binary-expr",
        "locations": [
          {
            "start": {
              "line": 73,
              "column": 10
            },
            "end": {
              "line": 73,
              "column": 40
            }
          },
          {
            "start": {
              "line": 73,
              "column": 44
            },
            "end": {
              "line": 73,
              "column": 57
            }
          }
        ],
        "line": 73
      },
      "6": {
        "loc": {
          "start": {
            "line": 74,
            "column": 8
          },
          "end": {
            "line": 74,
            "column": 87
          }
        },
        "type": "binary-expr",
        "locations": [
          {
            "start": {
              "line": 74,
              "column": 8
            },
            "end": {
              "line": 74,
              "column": 36
            }
          },
          {
            "start": {
              "line": 74,
              "column": 40
            },
            "end": {
              "line": 74,
              "column": 87
            }
          }
        ],
        "line": 74
      }
    },
    "s": {
      "0": 28,
      "1": 28,
      "2": 66,
      "3": 66,
      "4": 66,
      "5": 66,
      "6": 66,
      "7": 66,
      "8": 66,
      "9": 23,
      "10": 66,
      "11": 1,
      "12": 1,
      "13": 1,
      "14": 66,
      "15": 9,
      "16": 1,
      "17": 66,
      "18": 13,
      "19": 4,
      "20": 66
    },
    "f": {
      "0": 66,
      "1": 23,
      "2": 1,
      "3": 9,
      "4": 13
    },
    "b": {
      "0": [
        1,
        8
      ],
      "1": [
        4,
        9
      ],
      "2": [
        66,
        20
      ],
      "3": [
        66,
        10
      ],
      "4": [
        0,
        66
      ],
      "5": [
        66,
        24
      ],
      "6": [
        66,
        32
      ]
    },
    "_coverageSchema": "1a1c01bbd47fc00a2c39e90264f33305004495a9",
    "hash": "e47d9a3ebd7bdad900a01e7065b43ba92ffa3960"
  },
  "/Users/joshuapierce/mod4/projects/bookworm-fe/src/Components/PageNotFound/PageNotFound.tsx": {
    "path": "/Users/joshuapierce/mod4/projects/bookworm-fe/src/Components/PageNotFound/PageNotFound.tsx",
    "statementMap": {
      "0": {
        "start": {
          "line": 4,
          "column": 28
        },
        "end": {
          "line": 18,
          "column": 1
        }
      },
      "1": {
        "start": {
          "line": 5,
          "column": 2
        },
        "end": {
          "line": 17,
          "column": 4
        }
      }
    },
    "fnMap": {
      "0": {
        "name": "(anonymous_0)",
        "decl": {
          "start": {
            "line": 4,
            "column": 28
          },
          "end": {
            "line": 4,
            "column": 29
          }
        },
        "loc": {
          "start": {
            "line": 4,
            "column": 34
          },
          "end": {
            "line": 18,
            "column": 1
          }
        },
        "line": 4
      }
    },
    "branchMap": {},
    "s": {
      "0": 28,
      "1": 0
    },
    "f": {
      "0": 0
    },
    "b": {},
    "_coverageSchema": "1a1c01bbd47fc00a2c39e90264f33305004495a9",
    "hash": "df5d386c130374cb2213611b4c892650267cd246"
  },
  "/Users/joshuapierce/mod4/projects/bookworm-fe/src/Components/App/App.tsx": {
    "path": "/Users/joshuapierce/mod4/projects/bookworm-fe/src/Components/App/App.tsx",
    "statementMap": {
      "0": {
        "start": {
          "line": 17,
          "column": 27
        },
        "end": {
          "line": 17,
          "column": 40
        }
      },
      "1": {
        "start": {
          "line": 18,
          "column": 42
        },
        "end": {
          "line": 18,
          "column": 76
        }
      },
      "2": {
        "start": {
          "line": 20,
          "column": 24
        },
        "end": {
          "line": 27,
          "column": 3
        }
      },
      "3": {
        "start": {
          "line": 21,
          "column": 4
        },
        "end": {
          "line": 21,
          "column": 71
        }
      },
      "4": {
        "start": {
          "line": 22,
          "column": 35
        },
        "end": {
          "line": 22,
          "column": 77
        }
      },
      "5": {
        "start": {
          "line": 23,
          "column": 4
        },
        "end": {
          "line": 26,
          "column": 5
        }
      },
      "6": {
        "start": {
          "line": 24,
          "column": 35
        },
        "end": {
          "line": 24,
          "column": 56
        }
      },
      "7": {
        "start": {
          "line": 25,
          "column": 6
        },
        "end": {
          "line": 25,
          "column": 29
        }
      },
      "8": {
        "start": {
          "line": 29,
          "column": 30
        },
        "end": {
          "line": 33,
          "column": 3
        }
      },
      "9": {
        "start": {
          "line": 30,
          "column": 4
        },
        "end": {
          "line": 32,
          "column": 5
        }
      },
      "10": {
        "start": {
          "line": 31,
          "column": 6
        },
        "end": {
          "line": 31,
          "column": 30
        }
      },
      "11": {
        "start": {
          "line": 35,
          "column": 2
        },
        "end": {
          "line": 50,
          "column": 4
        }
      }
    },
    "fnMap": {
      "0": {
        "name": "App",
        "decl": {
          "start": {
            "line": 16,
            "column": 9
          },
          "end": {
            "line": 16,
            "column": 12
          }
        },
        "loc": {
          "start": {
            "line": 16,
            "column": 15
          },
          "end": {
            "line": 51,
            "column": 1
          }
        },
        "line": 16
      },
      "1": {
        "name": "(anonymous_1)",
        "decl": {
          "start": {
            "line": 20,
            "column": 24
          },
          "end": {
            "line": 20,
            "column": 25
          }
        },
        "loc": {
          "start": {
            "line": 20,
            "column": 47
          },
          "end": {
            "line": 27,
            "column": 3
          }
        },
        "line": 20
      },
      "2": {
        "name": "(anonymous_2)",
        "decl": {
          "start": {
            "line": 29,
            "column": 30
          },
          "end": {
            "line": 29,
            "column": 31
          }
        },
        "loc": {
          "start": {
            "line": 29,
            "column": 36
          },
          "end": {
            "line": 33,
            "column": 3
          }
        },
        "line": 29
      }
    },
    "branchMap": {
      "0": {
        "loc": {
          "start": {
            "line": 23,
            "column": 4
          },
          "end": {
            "line": 26,
            "column": 5
          }
        },
        "type": "if",
        "locations": [
          {
            "start": {
              "line": 23,
              "column": 4
            },
            "end": {
              "line": 26,
              "column": 5
            }
          },
          {
            "start": {
              "line": 23,
              "column": 4
            },
            "end": {
              "line": 26,
              "column": 5
            }
          }
        ],
        "line": 23
      },
      "1": {
        "loc": {
          "start": {
            "line": 30,
            "column": 4
          },
          "end": {
            "line": 32,
            "column": 5
          }
        },
        "type": "if",
        "locations": [
          {
            "start": {
              "line": 30,
              "column": 4
            },
            "end": {
              "line": 32,
              "column": 5
            }
          },
          {
            "start": {
              "line": 30,
              "column": 4
            },
            "end": {
              "line": 32,
              "column": 5
            }
          }
        ],
        "line": 30
      },
      "2": {
        "loc": {
          "start": {
            "line": 30,
            "column": 7
          },
          "end": {
            "line": 30,
            "column": 199
          }
        },
        "type": "binary-expr",
        "locations": [
          {
            "start": {
              "line": 30,
              "column": 7
            },
            "end": {
              "line": 30,
              "column": 59
            }
          },
          {
            "start": {
              "line": 30,
              "column": 63
            },
            "end": {
              "line": 30,
              "column": 97
            }
          },
          {
            "start": {
              "line": 30,
              "column": 101
            },
            "end": {
              "line": 30,
              "column": 144
            }
          },
          {
            "start": {
              "line": 30,
              "column": 148
            },
            "end": {
              "line": 30,
              "column": 199
            }
          }
        ],
        "line": 30
      },
      "3": {
        "loc": {
          "start": {
            "line": 37,
            "column": 7
          },
          "end": {
            "line": 37,
            "column": 46
          }
        },
        "type": "binary-expr",
        "locations": [
          {
            "start": {
              "line": 37,
              "column": 7
            },
            "end": {
              "line": 37,
              "column": 32
            }
          },
          {
            "start": {
              "line": 37,
              "column": 36
            },
            "end": {
              "line": 37,
              "column": 46
            }
          }
        ],
        "line": 37
      }
    },
    "s": {
      "0": 184,
      "1": 184,
      "2": 184,
      "3": 24,
      "4": 24,
      "5": 24,
      "6": 24,
      "7": 24,
      "8": 184,
      "9": 184,
      "10": 68,
      "11": 184
    },
    "f": {
      "0": 184,
      "1": 24,
      "2": 184
    },
    "b": {
      "0": [
        24,
        0
      ],
      "1": [
        68,
        116
      ],
      "2": [
        184,
        176,
        136,
        128
      ],
      "3": [
        184,
        126
      ]
    },
    "_coverageSchema": "1a1c01bbd47fc00a2c39e90264f33305004495a9",
    "hash": "a0306157f08f3052eef1d7232ab8ccf0893401a9"
  },
  "/Users/joshuapierce/mod4/projects/bookworm-fe/src/reportWebVitals.ts": {
    "path": "/Users/joshuapierce/mod4/projects/bookworm-fe/src/reportWebVitals.ts",
    "statementMap": {
      "0": {
        "start": {
          "line": 3,
          "column": 24
        },
        "end": {
          "line": 13,
          "column": 1
        }
      },
      "1": {
        "start": {
          "line": 4,
          "column": 2
        },
        "end": {
          "line": 12,
          "column": 3
        }
      },
      "2": {
        "start": {
          "line": 5,
          "column": 4
        },
        "end": {
          "line": 11,
          "column": 7
        }
      },
      "3": {
        "start": {
          "line": 6,
          "column": 6
        },
        "end": {
          "line": 6,
          "column": 26
        }
      },
      "4": {
        "start": {
          "line": 7,
          "column": 6
        },
        "end": {
          "line": 7,
          "column": 26
        }
      },
      "5": {
        "start": {
          "line": 8,
          "column": 6
        },
        "end": {
          "line": 8,
          "column": 26
        }
      },
      "6": {
        "start": {
          "line": 9,
          "column": 6
        },
        "end": {
          "line": 9,
          "column": 26
        }
      },
      "7": {
        "start": {
          "line": 10,
          "column": 6
        },
        "end": {
          "line": 10,
          "column": 27
        }
      }
    },
    "fnMap": {
      "0": {
        "name": "(anonymous_0)",
        "decl": {
          "start": {
            "line": 3,
            "column": 24
          },
          "end": {
            "line": 3,
            "column": 25
          }
        },
        "loc": {
          "start": {
            "line": 3,
            "column": 57
          },
          "end": {
            "line": 13,
            "column": 1
          }
        },
        "line": 3
      },
      "1": {
        "name": "(anonymous_1)",
        "decl": {
          "start": {
            "line": 5,
            "column": 30
          },
          "end": {
            "line": 5,
            "column": 31
          }
        },
        "loc": {
          "start": {
            "line": 5,
            "column": 79
          },
          "end": {
            "line": 11,
            "column": 5
          }
        },
        "line": 5
      }
    },
    "branchMap": {
      "0": {
        "loc": {
          "start": {
            "line": 4,
            "column": 2
          },
          "end": {
            "line": 12,
            "column": 3
          }
        },
        "type": "if",
        "locations": [
          {
            "start": {
              "line": 4,
              "column": 2
            },
            "end": {
              "line": 12,
              "column": 3
            }
          },
          {
            "start": {
              "line": 4,
              "column": 2
            },
            "end": {
              "line": 12,
              "column": 3
            }
          }
        ],
        "line": 4
      },
      "1": {
        "loc": {
          "start": {
            "line": 4,
            "column": 6
          },
          "end": {
            "line": 4,
            "column": 52
          }
        },
        "type": "binary-expr",
        "locations": [
          {
            "start": {
              "line": 4,
              "column": 6
            },
            "end": {
              "line": 4,
              "column": 17
            }
          },
          {
            "start": {
              "line": 4,
              "column": 21
            },
            "end": {
              "line": 4,
              "column": 52
            }
          }
        ],
        "line": 4
      }
    },
    "s": {
      "0": 28,
      "1": 28,
      "2": 0,
      "3": 0,
      "4": 0,
      "5": 0,
      "6": 0,
      "7": 0
    },
    "f": {
      "0": 28,
      "1": 0
    },
    "b": {
      "0": [
        0,
        28
      ],
      "1": [
        28,
        0
      ]
    },
    "_coverageSchema": "1a1c01bbd47fc00a2c39e90264f33305004495a9",
    "hash": "0d0e1b700d13f73cf672c72096c8324d213687f1"
  },
  "/Users/joshuapierce/mod4/projects/bookworm-fe/src/index.tsx": {
    "path": "/Users/joshuapierce/mod4/projects/bookworm-fe/src/index.tsx",
    "statementMap": {
      "0": {
        "start": {
          "line": 9,
          "column": 22
        },
        "end": {
          "line": 12,
          "column": 2
        }
      },
      "1": {
        "start": {
          "line": 14,
          "column": 13
        },
        "end": {
          "line": 16,
          "column": 1
        }
      },
      "2": {
        "start": {
          "line": 17,
          "column": 0
        },
        "end": {
          "line": 25,
          "column": 2
        }
      },
      "3": {
        "start": {
          "line": 30,
          "column": 0
        },
        "end": {
          "line": 30,
          "column": 18
        }
      }
    },
    "fnMap": {},
    "branchMap": {},
    "s": {
      "0": 28,
      "1": 28,
      "2": 28,
      "3": 28
    },
    "f": {},
    "b": {},
    "_coverageSchema": "1a1c01bbd47fc00a2c39e90264f33305004495a9",
    "hash": "e8b40a69cfb0670551758a245197583d439bf430"
  }
}